2020-01-27 15:05:20,990 dellemc_powermax_gatherfacts.py INFO : universion_details: {'is_valid_universion': True, 'user_message': ''}
2020-01-27 15:05:20,990 univmax_conn.py WARNING : No array id specified. Please set array ID using the "set_array_id(array_id)" function.
2020-01-27 15:05:20,991 dellemc_powermax_gatherfacts.py INFO : Got PyU4V Unisphere instance for common lib method access on VMAX
2020-01-27 15:05:20,991 dellemc_powermax_gatherfacts.py INFO : Getting Array List 
2020-01-27 15:05:21,295 dellemc_powermax_gatherfacts.py INFO : Got 1 Arrays from Unisphere Host  {'type': 'str', 'required': True}
2020-01-27 15:17:58,283 dellemc_powermax_gatherfacts.py INFO : universion_details: {'is_valid_universion': True, 'user_message': ''}
2020-01-27 15:17:58,283 univmax_conn.py WARNING : No array id specified. Please set array ID using the "set_array_id(array_id)" function.
2020-01-27 15:17:58,284 dellemc_powermax_gatherfacts.py INFO : Got PyU4V Unisphere instance for common lib method access on VMAX
2020-01-27 15:17:58,284 dellemc_powermax_gatherfacts.py INFO : Getting Array List 
2020-01-27 15:17:58,424 dellemc_powermax_gatherfacts.py INFO : Got 1 Arrays from Unisphere Host  {'type': 'str', 'required': True}
2020-01-27 15:17:59,132 dellemc_powermax_gatherfacts.py INFO : universion_details: {'is_valid_universion': True, 'user_message': ''}
2020-01-27 15:17:59,132 dellemc_powermax_gatherfacts.py INFO : Got PyU4V instance for provisioning on to PowerMax 
2020-01-27 15:17:59,133 dellemc_powermax_gatherfacts.py INFO : Got PyU4V instance for replication on to PowerMax 
2020-01-27 15:17:59,133 dellemc_powermax_gatherfacts.py INFO : Getting Storage Group List 
2020-01-27 15:17:59,264 dellemc_powermax_gatherfacts.py INFO : Successfully listed 18 Storage Group from array 000197900507
2020-01-27 15:17:59,264 dellemc_powermax_gatherfacts.py INFO : Getting Storage Resource Pool List
2020-01-27 15:17:59,296 dellemc_powermax_gatherfacts.py INFO : Got 1 Storage Resource Pool from array 000197900507
2020-01-27 15:17:59,373 dellemc_powermax_gatherfacts.py INFO : Successfully listed 1 Storage Resource Pool details from array 000197900507
2020-01-27 15:17:59,373 dellemc_powermax_gatherfacts.py INFO : Getting Port Group List 
2020-01-27 15:17:59,451 dellemc_powermax_gatherfacts.py INFO : Got 2 PortGroup from array 000197900507
2020-01-27 15:17:59,451 dellemc_powermax_gatherfacts.py INFO : Getting Host List 
2020-01-27 15:17:59,483 dellemc_powermax_gatherfacts.py INFO : Got 34 Host from array 000197900507
2020-01-27 15:22:27,871 dellemc_powermax_gatherfacts.py INFO : universion_details: {'is_valid_universion': True, 'user_message': ''}
2020-01-27 15:22:27,872 univmax_conn.py WARNING : No array id specified. Please set array ID using the "set_array_id(array_id)" function.
2020-01-27 15:22:27,872 dellemc_powermax_gatherfacts.py INFO : Got PyU4V Unisphere instance for common lib method access on VMAX
2020-01-27 15:22:27,872 dellemc_powermax_gatherfacts.py INFO : Getting Array List 
2020-01-27 15:22:27,952 dellemc_powermax_gatherfacts.py INFO : Got 1 Arrays from Unisphere Host  {'type': 'str', 'required': True}
2020-01-27 15:27:52,524 dellemc_powermax_gatherfacts.py INFO : universion_details: {'is_valid_universion': True, 'user_message': ''}
2020-01-27 15:27:52,524 univmax_conn.py WARNING : No array id specified. Please set array ID using the "set_array_id(array_id)" function.
2020-01-27 15:27:52,525 dellemc_powermax_gatherfacts.py INFO : Got PyU4V Unisphere instance for common lib method access on VMAX
2020-01-27 15:27:52,525 dellemc_powermax_gatherfacts.py INFO : Getting Array List 
2020-01-27 15:27:52,626 dellemc_powermax_gatherfacts.py INFO : Got 1 Arrays from Unisphere Host  {'type': 'str', 'required': True}
2020-01-27 15:28:35,812 dellemc_powermax_gatherfacts.py INFO : universion_details: {'is_valid_universion': True, 'user_message': ''}
2020-01-27 15:28:35,812 univmax_conn.py WARNING : No array id specified. Please set array ID using the "set_array_id(array_id)" function.
2020-01-27 15:28:35,813 dellemc_powermax_gatherfacts.py INFO : Got PyU4V Unisphere instance for common lib method access on VMAX
2020-01-27 15:28:35,813 dellemc_powermax_gatherfacts.py INFO : Getting Array List 
2020-01-27 15:28:35,863 dellemc_powermax_gatherfacts.py INFO : Got 1 Arrays from Unisphere Host  {'type': 'str', 'required': True}
2020-01-27 15:28:36,544 dellemc_powermax_gatherfacts.py INFO : universion_details: {'is_valid_universion': True, 'user_message': ''}
2020-01-27 15:28:36,545 dellemc_powermax_gatherfacts.py INFO : Got PyU4V instance for provisioning on to PowerMax 
2020-01-27 15:28:36,545 dellemc_powermax_gatherfacts.py INFO : Got PyU4V instance for replication on to PowerMax 
2020-01-27 15:28:36,545 dellemc_powermax_gatherfacts.py INFO : Getting Volume List 
2020-01-27 15:28:36,711 dellemc_powermax_gatherfacts.py INFO : Successfully listed 293 volumes from array 000197900507
2020-01-27 15:28:36,711 dellemc_powermax_gatherfacts.py INFO : Getting Storage Group List 
2020-01-27 15:28:36,737 dellemc_powermax_gatherfacts.py INFO : Successfully listed 18 Storage Group from array 000197900507
2020-01-27 15:28:36,737 dellemc_powermax_gatherfacts.py INFO : Getting Storage Resource Pool List
2020-01-27 15:28:36,755 dellemc_powermax_gatherfacts.py INFO : Got 1 Storage Resource Pool from array 000197900507
2020-01-27 15:28:36,790 dellemc_powermax_gatherfacts.py INFO : Successfully listed 1 Storage Resource Pool details from array 000197900507
2020-01-27 15:28:36,790 dellemc_powermax_gatherfacts.py INFO : Getting Port Group List 
2020-01-27 15:28:36,813 dellemc_powermax_gatherfacts.py INFO : Got 2 PortGroup from array 000197900507
2020-01-27 15:28:36,813 dellemc_powermax_gatherfacts.py INFO : Getting Host List 
2020-01-27 15:28:36,836 dellemc_powermax_gatherfacts.py INFO : Got 34 Host from array 000197900507
2020-01-27 15:28:36,836 dellemc_powermax_gatherfacts.py INFO : Getting Host Group List 
2020-01-27 15:28:36,860 dellemc_powermax_gatherfacts.py INFO : Got 0 Host Group from array 000197900507
2020-01-27 15:28:36,860 dellemc_powermax_gatherfacts.py INFO : Getting Port List 
2020-01-27 15:28:36,926 dellemc_powermax_gatherfacts.py INFO : Got 36 Port from array 000197900507
2020-01-27 15:28:36,927 dellemc_powermax_gatherfacts.py INFO : Getting Masking View List
2020-01-27 15:28:36,960 dellemc_powermax_gatherfacts.py INFO : Got 18 Getting Masking View from array 000197900507
2020-01-27 15:28:36,960 dellemc_powermax_gatherfacts.py INFO : Getting rdf group List 
2020-01-27 15:28:37,012 dellemc_powermax_gatherfacts.py INFO : Successfully listed 0 rdf group from array 000197900507
2020-01-27 15:34:05,522 dellemc_powermax_gatherfacts.py INFO : universion_details: {'is_valid_universion': True, 'user_message': ''}
2020-01-27 15:34:05,523 univmax_conn.py WARNING : No array id specified. Please set array ID using the "set_array_id(array_id)" function.
2020-01-27 15:34:05,523 dellemc_powermax_gatherfacts.py INFO : Got PyU4V Unisphere instance for common lib method access on VMAX
2020-01-27 15:34:05,523 dellemc_powermax_gatherfacts.py INFO : Getting Array List 
2020-01-27 15:34:05,615 dellemc_powermax_gatherfacts.py INFO : Got 1 Arrays from Unisphere Host  {'type': 'str', 'required': True}
2020-01-27 15:34:06,343 dellemc_powermax_gatherfacts.py INFO : universion_details: {'is_valid_universion': True, 'user_message': ''}
2020-01-27 15:34:06,344 dellemc_powermax_gatherfacts.py INFO : Got PyU4V instance for provisioning on to PowerMax 
2020-01-27 15:34:06,344 dellemc_powermax_gatherfacts.py INFO : Got PyU4V instance for replication on to PowerMax 
2020-01-27 15:34:06,344 dellemc_powermax_gatherfacts.py INFO : Getting Volume List 
2020-01-27 15:34:06,431 dellemc_powermax_gatherfacts.py INFO : Successfully listed 293 volumes from array 000197900507
2020-01-27 15:34:06,431 dellemc_powermax_gatherfacts.py INFO : Getting Storage Group List 
2020-01-27 15:34:06,472 dellemc_powermax_gatherfacts.py INFO : Successfully listed 18 Storage Group from array 000197900507
2020-01-27 15:34:06,472 dellemc_powermax_gatherfacts.py INFO : Getting Storage Resource Pool List
2020-01-27 15:34:06,489 dellemc_powermax_gatherfacts.py INFO : Got 1 Storage Resource Pool from array 000197900507
2020-01-27 15:34:06,526 dellemc_powermax_gatherfacts.py INFO : Successfully listed 1 Storage Resource Pool details from array 000197900507
2020-01-27 15:34:06,527 dellemc_powermax_gatherfacts.py INFO : Getting Port Group List 
2020-01-27 15:34:06,544 dellemc_powermax_gatherfacts.py INFO : Got 2 PortGroup from array 000197900507
2020-01-27 15:34:06,544 dellemc_powermax_gatherfacts.py INFO : Getting Host List 
2020-01-27 15:34:06,562 dellemc_powermax_gatherfacts.py INFO : Got 34 Host from array 000197900507
2020-01-27 15:34:06,563 dellemc_powermax_gatherfacts.py INFO : Getting Host Group List 
2020-01-27 15:34:06,579 dellemc_powermax_gatherfacts.py INFO : Got 0 Host Group from array 000197900507
2020-01-27 15:34:06,579 dellemc_powermax_gatherfacts.py INFO : Getting Port List 
2020-01-27 15:34:06,606 dellemc_powermax_gatherfacts.py INFO : Got 36 Port from array 000197900507
2020-01-27 15:34:06,606 dellemc_powermax_gatherfacts.py INFO : Getting Masking View List
2020-01-27 15:34:06,628 dellemc_powermax_gatherfacts.py INFO : Got 18 Getting Masking View from array 000197900507
2020-01-27 15:34:06,628 dellemc_powermax_gatherfacts.py INFO : Getting rdf group List 
2020-01-27 15:34:06,642 dellemc_powermax_gatherfacts.py INFO : Successfully listed 0 rdf group from array 000197900507
2020-01-27 15:35:12,017 dellemc_powermax_gatherfacts.py INFO : universion_details: {'is_valid_universion': True, 'user_message': ''}
2020-01-27 15:35:12,018 univmax_conn.py WARNING : No array id specified. Please set array ID using the "set_array_id(array_id)" function.
2020-01-27 15:35:12,018 dellemc_powermax_gatherfacts.py INFO : Got PyU4V Unisphere instance for common lib method access on VMAX
2020-01-27 15:35:12,018 dellemc_powermax_gatherfacts.py INFO : Getting Array List 
2020-01-27 15:35:12,069 dellemc_powermax_gatherfacts.py INFO : Got 1 Arrays from Unisphere Host  {'type': 'str', 'required': True}
2020-01-27 15:35:12,755 dellemc_powermax_gatherfacts.py INFO : universion_details: {'is_valid_universion': True, 'user_message': ''}
2020-01-27 15:35:12,756 dellemc_powermax_gatherfacts.py INFO : Got PyU4V instance for provisioning on to PowerMax 
2020-01-27 15:35:12,756 dellemc_powermax_gatherfacts.py INFO : Got PyU4V instance for replication on to PowerMax 
2020-01-27 15:35:12,756 dellemc_powermax_gatherfacts.py INFO : Getting Volume List 
2020-01-27 15:35:12,840 dellemc_powermax_gatherfacts.py INFO : Successfully listed 293 volumes from array 000197900507
2020-01-27 15:35:12,840 dellemc_powermax_gatherfacts.py INFO : Getting Storage Group List 
2020-01-27 15:35:12,860 dellemc_powermax_gatherfacts.py INFO : Successfully listed 18 Storage Group from array 000197900507
2020-01-27 15:35:12,860 dellemc_powermax_gatherfacts.py INFO : Getting Storage Resource Pool List
2020-01-27 15:35:12,872 dellemc_powermax_gatherfacts.py INFO : Got 1 Storage Resource Pool from array 000197900507
2020-01-27 15:35:12,903 dellemc_powermax_gatherfacts.py INFO : Successfully listed 1 Storage Resource Pool details from array 000197900507
2020-01-27 15:35:12,903 dellemc_powermax_gatherfacts.py INFO : Getting Port Group List 
2020-01-27 15:35:12,918 dellemc_powermax_gatherfacts.py INFO : Got 2 PortGroup from array 000197900507
2020-01-27 15:35:12,918 dellemc_powermax_gatherfacts.py INFO : Getting Host List 
2020-01-27 15:35:12,935 dellemc_powermax_gatherfacts.py INFO : Got 34 Host from array 000197900507
2020-01-27 15:35:12,935 dellemc_powermax_gatherfacts.py INFO : Getting Host Group List 
2020-01-27 15:35:12,953 dellemc_powermax_gatherfacts.py INFO : Got 0 Host Group from array 000197900507
2020-01-27 15:35:12,953 dellemc_powermax_gatherfacts.py INFO : Getting Port List 
2020-01-27 15:35:12,975 dellemc_powermax_gatherfacts.py INFO : Got 36 Port from array 000197900507
2020-01-27 15:35:12,975 dellemc_powermax_gatherfacts.py INFO : Getting Masking View List
2020-01-27 15:35:12,993 dellemc_powermax_gatherfacts.py INFO : Got 18 Getting Masking View from array 000197900507
2020-01-27 15:35:12,993 dellemc_powermax_gatherfacts.py INFO : Getting rdf group List 
2020-01-27 15:35:13,012 dellemc_powermax_gatherfacts.py INFO : Successfully listed 0 rdf group from array 000197900507
2020-01-27 15:38:42,971 dellemc_powermax_gatherfacts.py INFO : universion_details: {'is_valid_universion': True, 'user_message': ''}
2020-01-27 15:38:42,972 univmax_conn.py WARNING : No array id specified. Please set array ID using the "set_array_id(array_id)" function.
2020-01-27 15:38:42,972 dellemc_powermax_gatherfacts.py INFO : Got PyU4V Unisphere instance for common lib method access on VMAX
2020-01-27 15:38:42,972 dellemc_powermax_gatherfacts.py INFO : Getting Array List 
2020-01-27 15:38:43,045 dellemc_powermax_gatherfacts.py INFO : Got 1 Arrays from Unisphere Host  {'type': 'str', 'required': True}
2020-01-27 15:38:43,774 dellemc_powermax_gatherfacts.py INFO : universion_details: {'is_valid_universion': True, 'user_message': ''}
2020-01-27 15:38:43,775 dellemc_powermax_gatherfacts.py INFO : Got PyU4V instance for provisioning on to PowerMax 
2020-01-27 15:38:43,775 dellemc_powermax_gatherfacts.py INFO : Got PyU4V instance for replication on to PowerMax 
2020-01-27 15:38:43,775 dellemc_powermax_gatherfacts.py INFO : Getting Volume List 
2020-01-27 15:38:43,846 dellemc_powermax_gatherfacts.py INFO : Successfully listed 293 volumes from array 000197900507
2020-01-27 15:38:43,846 dellemc_powermax_gatherfacts.py INFO : Getting Storage Group List 
2020-01-27 15:38:43,871 dellemc_powermax_gatherfacts.py INFO : Successfully listed 18 Storage Group from array 000197900507
2020-01-27 15:38:43,871 dellemc_powermax_gatherfacts.py INFO : Getting Storage Resource Pool List
2020-01-27 15:38:43,890 dellemc_powermax_gatherfacts.py INFO : Got 1 Storage Resource Pool from array 000197900507
2020-01-27 15:38:43,935 dellemc_powermax_gatherfacts.py INFO : Successfully listed 1 Storage Resource Pool details from array 000197900507
2020-01-27 15:38:43,936 dellemc_powermax_gatherfacts.py INFO : Getting Port Group List 
2020-01-27 15:38:43,953 dellemc_powermax_gatherfacts.py INFO : Got 2 PortGroup from array 000197900507
2020-01-27 15:38:43,953 dellemc_powermax_gatherfacts.py INFO : Getting Host List 
2020-01-27 15:38:43,967 dellemc_powermax_gatherfacts.py INFO : Got 34 Host from array 000197900507
2020-01-27 15:38:43,967 dellemc_powermax_gatherfacts.py INFO : Getting Host Group List 
2020-01-27 15:38:43,984 dellemc_powermax_gatherfacts.py INFO : Got 0 Host Group from array 000197900507
2020-01-27 15:38:43,984 dellemc_powermax_gatherfacts.py INFO : Getting Port List 
2020-01-27 15:38:44,012 dellemc_powermax_gatherfacts.py INFO : Got 36 Port from array 000197900507
2020-01-27 15:38:44,012 dellemc_powermax_gatherfacts.py INFO : Getting Masking View List
2020-01-27 15:38:44,044 dellemc_powermax_gatherfacts.py INFO : Got 18 Getting Masking View from array 000197900507
2020-01-27 15:38:44,044 dellemc_powermax_gatherfacts.py INFO : Getting rdf group List 
2020-01-27 15:38:44,058 dellemc_powermax_gatherfacts.py INFO : Successfully listed 0 rdf group from array 000197900507
2020-01-27 15:43:20,580 dellemc_powermax_gatherfacts.py INFO : universion_details: {'is_valid_universion': True, 'user_message': ''}
2020-01-27 15:43:20,580 univmax_conn.py WARNING : No array id specified. Please set array ID using the "set_array_id(array_id)" function.
2020-01-27 15:43:20,581 dellemc_powermax_gatherfacts.py INFO : Got PyU4V Unisphere instance for common lib method access on VMAX
2020-01-27 15:43:20,581 dellemc_powermax_gatherfacts.py INFO : Getting Array List 
2020-01-27 15:43:20,652 dellemc_powermax_gatherfacts.py INFO : Got 1 Arrays from Unisphere Host  {'type': 'str', 'required': True}
2020-01-27 15:43:21,381 dellemc_powermax_gatherfacts.py INFO : universion_details: {'is_valid_universion': True, 'user_message': ''}
2020-01-27 15:43:21,382 dellemc_powermax_gatherfacts.py INFO : Got PyU4V instance for provisioning on to PowerMax 
2020-01-27 15:43:21,382 dellemc_powermax_gatherfacts.py INFO : Got PyU4V instance for replication on to PowerMax 
2020-01-27 15:43:21,382 dellemc_powermax_gatherfacts.py INFO : Getting Volume List 
2020-01-27 15:43:21,459 dellemc_powermax_gatherfacts.py INFO : Successfully listed 293 volumes from array 000197900507
2020-01-27 15:43:21,459 dellemc_powermax_gatherfacts.py INFO : Getting Storage Group List 
2020-01-27 15:43:21,480 dellemc_powermax_gatherfacts.py INFO : Successfully listed 18 Storage Group from array 000197900507
2020-01-27 15:43:21,481 dellemc_powermax_gatherfacts.py INFO : Getting Storage Resource Pool List
2020-01-27 15:43:21,500 dellemc_powermax_gatherfacts.py INFO : Got 1 Storage Resource Pool from array 000197900507
2020-01-27 15:43:21,541 dellemc_powermax_gatherfacts.py INFO : Successfully listed 1 Storage Resource Pool details from array 000197900507
2020-01-27 15:43:21,541 dellemc_powermax_gatherfacts.py INFO : Getting Port Group List 
2020-01-27 15:43:21,560 dellemc_powermax_gatherfacts.py INFO : Got 2 PortGroup from array 000197900507
2020-01-27 15:43:21,560 dellemc_powermax_gatherfacts.py INFO : Getting Host List 
2020-01-27 15:43:21,576 dellemc_powermax_gatherfacts.py INFO : Got 34 Host from array 000197900507
2020-01-27 15:43:21,576 dellemc_powermax_gatherfacts.py INFO : Getting Host Group List 
2020-01-27 15:43:21,590 dellemc_powermax_gatherfacts.py INFO : Got 0 Host Group from array 000197900507
2020-01-27 15:43:21,591 dellemc_powermax_gatherfacts.py INFO : Getting Port List 
2020-01-27 15:43:21,613 dellemc_powermax_gatherfacts.py INFO : Got 36 Port from array 000197900507
2020-01-27 15:43:21,613 dellemc_powermax_gatherfacts.py INFO : Getting Masking View List
2020-01-27 15:43:21,629 dellemc_powermax_gatherfacts.py INFO : Got 18 Getting Masking View from array 000197900507
2020-01-27 15:43:21,629 dellemc_powermax_gatherfacts.py INFO : Getting rdf group List 
2020-01-27 15:43:21,641 dellemc_powermax_gatherfacts.py INFO : Successfully listed 0 rdf group from array 000197900507
2020-01-27 15:45:15,931 dellemc_powermax_gatherfacts.py INFO : universion_details: {'is_valid_universion': True, 'user_message': ''}
2020-01-27 15:45:15,931 univmax_conn.py WARNING : No array id specified. Please set array ID using the "set_array_id(array_id)" function.
2020-01-27 15:45:15,931 dellemc_powermax_gatherfacts.py INFO : Got PyU4V Unisphere instance for common lib method access on VMAX
2020-01-27 15:45:15,932 dellemc_powermax_gatherfacts.py INFO : Getting Array List 
2020-01-27 15:45:15,985 dellemc_powermax_gatherfacts.py INFO : Got 1 Arrays from Unisphere Host  {'type': 'str', 'required': True}
2020-01-27 15:45:16,716 dellemc_powermax_gatherfacts.py INFO : universion_details: {'is_valid_universion': True, 'user_message': ''}
2020-01-27 15:45:16,717 dellemc_powermax_gatherfacts.py INFO : Got PyU4V instance for provisioning on to PowerMax 
2020-01-27 15:45:16,717 dellemc_powermax_gatherfacts.py INFO : Got PyU4V instance for replication on to PowerMax 
2020-01-27 15:45:16,717 dellemc_powermax_gatherfacts.py INFO : Getting Volume List 
2020-01-27 15:45:16,780 dellemc_powermax_gatherfacts.py INFO : Successfully listed 293 volumes from array 000197900507
2020-01-27 15:45:16,780 dellemc_powermax_gatherfacts.py INFO : Getting Storage Group List 
2020-01-27 15:45:16,796 dellemc_powermax_gatherfacts.py INFO : Successfully listed 18 Storage Group from array 000197900507
2020-01-27 15:45:16,796 dellemc_powermax_gatherfacts.py INFO : Getting Storage Resource Pool List
2020-01-27 15:45:16,808 dellemc_powermax_gatherfacts.py INFO : Got 1 Storage Resource Pool from array 000197900507
2020-01-27 15:45:16,836 dellemc_powermax_gatherfacts.py INFO : Successfully listed 1 Storage Resource Pool details from array 000197900507
2020-01-27 15:45:16,836 dellemc_powermax_gatherfacts.py INFO : Getting Port Group List 
2020-01-27 15:45:16,850 dellemc_powermax_gatherfacts.py INFO : Got 2 PortGroup from array 000197900507
2020-01-27 15:45:16,850 dellemc_powermax_gatherfacts.py INFO : Getting Host List 
2020-01-27 15:45:16,864 dellemc_powermax_gatherfacts.py INFO : Got 34 Host from array 000197900507
2020-01-27 15:45:16,864 dellemc_powermax_gatherfacts.py INFO : Getting Host Group List 
2020-01-27 15:45:16,875 dellemc_powermax_gatherfacts.py INFO : Got 0 Host Group from array 000197900507
2020-01-27 15:45:16,875 dellemc_powermax_gatherfacts.py INFO : Getting Port List 
2020-01-27 15:45:16,895 dellemc_powermax_gatherfacts.py INFO : Got 36 Port from array 000197900507
2020-01-27 15:45:16,895 dellemc_powermax_gatherfacts.py INFO : Getting Masking View List
2020-01-27 15:45:16,916 dellemc_powermax_gatherfacts.py INFO : Got 18 Getting Masking View from array 000197900507
2020-01-27 15:45:16,916 dellemc_powermax_gatherfacts.py INFO : Getting rdf group List 
2020-01-27 15:45:16,935 dellemc_powermax_gatherfacts.py INFO : Successfully listed 0 rdf group from array 000197900507
2020-01-27 19:12:05,775 dellemc_powermax_gatherfacts.py INFO : universion_details: {'is_valid_universion': True, 'user_message': ''}
2020-01-27 19:12:05,776 univmax_conn.py WARNING : No array id specified. Please set array ID using the "set_array_id(array_id)" function.
2020-01-27 19:12:05,776 dellemc_powermax_gatherfacts.py INFO : Got PyU4V Unisphere instance for common lib method access on VMAX
2020-01-27 19:12:05,776 dellemc_powermax_gatherfacts.py INFO : Getting Array List 
2020-01-27 19:12:05,864 dellemc_powermax_gatherfacts.py INFO : Got 1 Arrays from Unisphere Host  {'type': 'str', 'required': True}
2020-01-27 19:12:06,641 dellemc_powermax_gatherfacts.py INFO : universion_details: {'is_valid_universion': True, 'user_message': ''}
2020-01-27 19:12:06,642 dellemc_powermax_gatherfacts.py INFO : Got PyU4V instance for provisioning on to PowerMax 
2020-01-27 19:12:06,642 dellemc_powermax_gatherfacts.py INFO : Got PyU4V instance for replication on to PowerMax 
2020-01-27 19:12:06,642 dellemc_powermax_gatherfacts.py INFO : Getting Volume List 
2020-01-27 19:12:06,715 dellemc_powermax_gatherfacts.py INFO : Successfully listed 293 volumes from array 000197900507
2020-01-27 19:12:06,715 dellemc_powermax_gatherfacts.py INFO : Getting Storage Group List 
2020-01-27 19:12:06,736 dellemc_powermax_gatherfacts.py INFO : Successfully listed 18 Storage Group from array 000197900507
2020-01-27 19:12:06,736 dellemc_powermax_gatherfacts.py INFO : Getting Storage Resource Pool List
2020-01-27 19:12:06,750 dellemc_powermax_gatherfacts.py INFO : Got 1 Storage Resource Pool from array 000197900507
2020-01-27 19:12:06,784 dellemc_powermax_gatherfacts.py INFO : Successfully listed 1 Storage Resource Pool details from array 000197900507
2020-01-27 19:12:06,784 dellemc_powermax_gatherfacts.py INFO : Getting Port Group List 
2020-01-27 19:12:06,801 dellemc_powermax_gatherfacts.py INFO : Got 2 PortGroup from array 000197900507
2020-01-27 19:12:06,802 dellemc_powermax_gatherfacts.py INFO : Getting Host List 
2020-01-27 19:12:06,820 dellemc_powermax_gatherfacts.py INFO : Got 34 Host from array 000197900507
2020-01-27 19:12:06,820 dellemc_powermax_gatherfacts.py INFO : Getting Host Group List 
2020-01-27 19:12:06,833 dellemc_powermax_gatherfacts.py INFO : Got 0 Host Group from array 000197900507
2020-01-27 19:12:06,833 dellemc_powermax_gatherfacts.py INFO : Getting Port List 
2020-01-27 19:12:06,851 dellemc_powermax_gatherfacts.py INFO : Got 36 Port from array 000197900507
2020-01-27 19:12:06,852 dellemc_powermax_gatherfacts.py INFO : Getting Masking View List
2020-01-27 19:12:06,870 dellemc_powermax_gatherfacts.py INFO : Got 18 Getting Masking View from array 000197900507
2020-01-27 19:12:06,870 dellemc_powermax_gatherfacts.py INFO : Getting rdf group List 
2020-01-27 19:12:06,882 dellemc_powermax_gatherfacts.py INFO : Successfully listed 0 rdf group from array 000197900507
2020-01-27 19:12:42,476 dellemc_powermax_gatherfacts.py INFO : universion_details: {'is_valid_universion': True, 'user_message': ''}
2020-01-27 19:12:42,477 univmax_conn.py WARNING : No array id specified. Please set array ID using the "set_array_id(array_id)" function.
2020-01-27 19:12:42,477 dellemc_powermax_gatherfacts.py INFO : Got PyU4V Unisphere instance for common lib method access on VMAX
2020-01-27 19:12:42,477 dellemc_powermax_gatherfacts.py INFO : Getting Array List 
2020-01-27 19:12:42,526 dellemc_powermax_gatherfacts.py INFO : Got 1 Arrays from Unisphere Host  {'type': 'str', 'required': True}
2020-01-27 19:12:43,231 dellemc_powermax_gatherfacts.py INFO : universion_details: {'is_valid_universion': True, 'user_message': ''}
2020-01-27 19:12:43,231 dellemc_powermax_gatherfacts.py INFO : Got PyU4V instance for provisioning on to PowerMax 
2020-01-27 19:12:43,232 dellemc_powermax_gatherfacts.py INFO : Got PyU4V instance for replication on to PowerMax 
2020-01-27 19:12:43,232 dellemc_powermax_gatherfacts.py INFO : Getting Volume List 
2020-01-27 19:12:43,293 dellemc_powermax_gatherfacts.py INFO : Successfully listed 293 volumes from array 000197900507
2020-01-27 19:12:43,293 dellemc_powermax_gatherfacts.py INFO : Getting Storage Group List 
2020-01-27 19:12:43,317 dellemc_powermax_gatherfacts.py INFO : Successfully listed 18 Storage Group from array 000197900507
2020-01-27 19:12:43,317 dellemc_powermax_gatherfacts.py INFO : Getting Storage Resource Pool List
2020-01-27 19:12:43,331 dellemc_powermax_gatherfacts.py INFO : Got 1 Storage Resource Pool from array 000197900507
2020-01-27 19:12:43,367 dellemc_powermax_gatherfacts.py INFO : Successfully listed 1 Storage Resource Pool details from array 000197900507
2020-01-27 19:12:43,367 dellemc_powermax_gatherfacts.py INFO : Getting Port Group List 
2020-01-27 19:12:43,392 dellemc_powermax_gatherfacts.py INFO : Got 2 PortGroup from array 000197900507
2020-01-27 19:12:43,392 dellemc_powermax_gatherfacts.py INFO : Getting Host List 
2020-01-27 19:12:43,408 dellemc_powermax_gatherfacts.py INFO : Got 34 Host from array 000197900507
2020-01-27 19:12:43,408 dellemc_powermax_gatherfacts.py INFO : Getting Host Group List 
2020-01-27 19:12:43,422 dellemc_powermax_gatherfacts.py INFO : Got 0 Host Group from array 000197900507
2020-01-27 19:12:43,422 dellemc_powermax_gatherfacts.py INFO : Getting Port List 
2020-01-27 19:12:43,443 dellemc_powermax_gatherfacts.py INFO : Got 36 Port from array 000197900507
2020-01-27 19:12:43,443 dellemc_powermax_gatherfacts.py INFO : Getting Masking View List
2020-01-27 19:12:43,459 dellemc_powermax_gatherfacts.py INFO : Got 18 Getting Masking View from array 000197900507
2020-01-27 19:12:43,459 dellemc_powermax_gatherfacts.py INFO : Getting rdf group List 
2020-01-27 19:12:43,472 dellemc_powermax_gatherfacts.py INFO : Successfully listed 0 rdf group from array 000197900507
2020-01-27 19:21:50,946 dellemc_powermax_gatherfacts.py INFO : universion_details: {'is_valid_universion': True, 'user_message': ''}
2020-01-27 19:21:50,947 univmax_conn.py WARNING : No array id specified. Please set array ID using the "set_array_id(array_id)" function.
2020-01-27 19:21:50,947 dellemc_powermax_gatherfacts.py INFO : Got PyU4V Unisphere instance for common lib method access on VMAX
2020-01-27 19:21:50,947 dellemc_powermax_gatherfacts.py INFO : Getting Array List 
2020-01-27 19:21:51,030 dellemc_powermax_gatherfacts.py INFO : Got 1 Arrays from Unisphere Host  {'type': 'str', 'required': True}
2020-01-27 19:21:51,720 dellemc_powermax_gatherfacts.py INFO : universion_details: {'is_valid_universion': True, 'user_message': ''}
2020-01-27 19:21:51,721 dellemc_powermax_gatherfacts.py INFO : Got PyU4V instance for provisioning on to PowerMax 
2020-01-27 19:21:51,721 dellemc_powermax_gatherfacts.py INFO : Got PyU4V instance for replication on to PowerMax 
2020-01-27 19:21:51,721 dellemc_powermax_gatherfacts.py INFO : Getting Volume List 
2020-01-27 19:21:51,781 dellemc_powermax_gatherfacts.py INFO : Successfully listed 293 volumes from array 000197900507
2020-01-27 19:21:51,781 dellemc_powermax_gatherfacts.py INFO : Getting Storage Group List 
2020-01-27 19:21:51,797 dellemc_powermax_gatherfacts.py INFO : Successfully listed 18 Storage Group from array 000197900507
2020-01-27 19:21:51,797 dellemc_powermax_gatherfacts.py INFO : Getting Storage Resource Pool List
2020-01-27 19:21:51,810 dellemc_powermax_gatherfacts.py INFO : Got 1 Storage Resource Pool from array 000197900507
2020-01-27 19:21:51,841 dellemc_powermax_gatherfacts.py INFO : Successfully listed 1 Storage Resource Pool details from array 000197900507
2020-01-27 19:21:51,842 dellemc_powermax_gatherfacts.py INFO : Getting Port Group List 
2020-01-27 19:21:51,856 dellemc_powermax_gatherfacts.py INFO : Got 2 PortGroup from array 000197900507
2020-01-27 19:21:51,856 dellemc_powermax_gatherfacts.py INFO : Getting Host List 
2020-01-27 19:21:51,869 dellemc_powermax_gatherfacts.py INFO : Got 34 Host from array 000197900507
2020-01-27 19:21:51,869 dellemc_powermax_gatherfacts.py INFO : Getting Host Group List 
2020-01-27 19:21:51,881 dellemc_powermax_gatherfacts.py INFO : Got 0 Host Group from array 000197900507
2020-01-27 19:21:51,881 dellemc_powermax_gatherfacts.py INFO : Getting Port List 
2020-01-27 19:21:51,899 dellemc_powermax_gatherfacts.py INFO : Got 36 Port from array 000197900507
2020-01-27 19:21:51,899 dellemc_powermax_gatherfacts.py INFO : Getting Masking View List
2020-01-27 19:21:51,913 dellemc_powermax_gatherfacts.py INFO : Got 18 Getting Masking View from array 000197900507
2020-01-27 19:21:51,913 dellemc_powermax_gatherfacts.py INFO : Getting rdf group List 
2020-01-27 19:21:51,925 dellemc_powermax_gatherfacts.py INFO : Successfully listed 0 rdf group from array 000197900507
2020-01-27 19:27:42,088 dellemc_powermax_gatherfacts.py INFO : universion_details: {'is_valid_universion': True, 'user_message': ''}
2020-01-27 19:27:42,088 univmax_conn.py WARNING : No array id specified. Please set array ID using the "set_array_id(array_id)" function.
2020-01-27 19:27:42,088 dellemc_powermax_gatherfacts.py INFO : Got PyU4V Unisphere instance for common lib method access on VMAX
2020-01-27 19:27:42,088 dellemc_powermax_gatherfacts.py INFO : Getting Array List 
2020-01-27 19:27:42,161 dellemc_powermax_gatherfacts.py INFO : Got 1 Arrays from Unisphere Host  {'type': 'str', 'required': True}
2020-01-27 19:27:42,904 dellemc_powermax_gatherfacts.py INFO : universion_details: {'is_valid_universion': True, 'user_message': ''}
2020-01-27 19:27:42,905 dellemc_powermax_gatherfacts.py INFO : Got PyU4V instance for provisioning on to PowerMax 
2020-01-27 19:27:42,905 dellemc_powermax_gatherfacts.py INFO : Got PyU4V instance for replication on to PowerMax 
2020-01-27 19:27:42,905 dellemc_powermax_gatherfacts.py INFO : Getting Volume List 
2020-01-27 19:27:42,973 dellemc_powermax_gatherfacts.py INFO : Successfully listed 293 volumes from array 000197900507
2020-01-27 19:27:42,973 dellemc_powermax_gatherfacts.py INFO : Getting Storage Group List 
2020-01-27 19:27:42,991 dellemc_powermax_gatherfacts.py INFO : Successfully listed 18 Storage Group from array 000197900507
2020-01-27 19:27:42,991 dellemc_powermax_gatherfacts.py INFO : Getting Storage Resource Pool List
2020-01-27 19:27:43,005 dellemc_powermax_gatherfacts.py INFO : Got 1 Storage Resource Pool from array 000197900507
2020-01-27 19:27:43,039 dellemc_powermax_gatherfacts.py INFO : Successfully listed 1 Storage Resource Pool details from array 000197900507
2020-01-27 19:27:43,039 dellemc_powermax_gatherfacts.py INFO : Getting Port Group List 
2020-01-27 19:27:43,054 dellemc_powermax_gatherfacts.py INFO : Got 2 PortGroup from array 000197900507
2020-01-27 19:27:43,055 dellemc_powermax_gatherfacts.py INFO : Getting Host List 
2020-01-27 19:27:43,070 dellemc_powermax_gatherfacts.py INFO : Got 34 Host from array 000197900507
2020-01-27 19:27:43,070 dellemc_powermax_gatherfacts.py INFO : Getting Host Group List 
2020-01-27 19:27:43,089 dellemc_powermax_gatherfacts.py INFO : Got 0 Host Group from array 000197900507
2020-01-27 19:27:43,089 dellemc_powermax_gatherfacts.py INFO : Getting Port List 
2020-01-27 19:27:43,109 dellemc_powermax_gatherfacts.py INFO : Got 36 Port from array 000197900507
2020-01-27 19:27:43,109 dellemc_powermax_gatherfacts.py INFO : Getting Masking View List
2020-01-27 19:27:43,129 dellemc_powermax_gatherfacts.py INFO : Got 18 Getting Masking View from array 000197900507
2020-01-27 19:27:43,129 dellemc_powermax_gatherfacts.py INFO : Getting rdf group List 
2020-01-27 19:27:43,155 dellemc_powermax_gatherfacts.py INFO : Successfully listed 0 rdf group from array 000197900507
2020-01-27 19:28:52,231 dellemc_powermax_gatherfacts.py INFO : universion_details: {'is_valid_universion': True, 'user_message': ''}
2020-01-27 19:28:52,232 univmax_conn.py WARNING : No array id specified. Please set array ID using the "set_array_id(array_id)" function.
2020-01-27 19:28:52,232 dellemc_powermax_gatherfacts.py INFO : Got PyU4V Unisphere instance for common lib method access on VMAX
2020-01-27 19:28:52,232 dellemc_powermax_gatherfacts.py INFO : Getting Array List 
2020-01-27 19:28:52,293 dellemc_powermax_gatherfacts.py INFO : Got 1 Arrays from Unisphere Host  {'type': 'str', 'required': True}
2020-01-27 19:28:53,012 dellemc_powermax_gatherfacts.py INFO : universion_details: {'is_valid_universion': True, 'user_message': ''}
2020-01-27 19:28:53,012 dellemc_powermax_gatherfacts.py INFO : Got PyU4V instance for provisioning on to PowerMax 
2020-01-27 19:28:53,012 dellemc_powermax_gatherfacts.py INFO : Got PyU4V instance for replication on to PowerMax 
2020-01-27 19:28:53,012 dellemc_powermax_gatherfacts.py INFO : Getting Volume List 
2020-01-27 19:28:53,075 dellemc_powermax_gatherfacts.py INFO : Successfully listed 293 volumes from array 000197900507
2020-01-27 19:28:53,075 dellemc_powermax_gatherfacts.py INFO : Getting Storage Group List 
2020-01-27 19:28:53,091 dellemc_powermax_gatherfacts.py INFO : Successfully listed 18 Storage Group from array 000197900507
2020-01-27 19:28:53,091 dellemc_powermax_gatherfacts.py INFO : Getting Storage Resource Pool List
2020-01-27 19:28:53,105 dellemc_powermax_gatherfacts.py INFO : Got 1 Storage Resource Pool from array 000197900507
2020-01-27 19:28:53,138 dellemc_powermax_gatherfacts.py INFO : Successfully listed 1 Storage Resource Pool details from array 000197900507
2020-01-27 19:28:53,138 dellemc_powermax_gatherfacts.py INFO : Getting Port Group List 
2020-01-27 19:28:53,154 dellemc_powermax_gatherfacts.py INFO : Got 2 PortGroup from array 000197900507
2020-01-27 19:28:53,154 dellemc_powermax_gatherfacts.py INFO : Getting Host List 
2020-01-27 19:28:53,167 dellemc_powermax_gatherfacts.py INFO : Got 34 Host from array 000197900507
2020-01-27 19:28:53,167 dellemc_powermax_gatherfacts.py INFO : Getting Host Group List 
2020-01-27 19:28:53,179 dellemc_powermax_gatherfacts.py INFO : Got 0 Host Group from array 000197900507
2020-01-27 19:28:53,179 dellemc_powermax_gatherfacts.py INFO : Getting Port List 
2020-01-27 19:28:53,197 dellemc_powermax_gatherfacts.py INFO : Got 36 Port from array 000197900507
2020-01-27 19:28:53,198 dellemc_powermax_gatherfacts.py INFO : Getting Masking View List
2020-01-27 19:28:53,212 dellemc_powermax_gatherfacts.py INFO : Got 18 Getting Masking View from array 000197900507
2020-01-27 19:28:53,212 dellemc_powermax_gatherfacts.py INFO : Getting rdf group List 
2020-01-27 19:28:53,224 dellemc_powermax_gatherfacts.py INFO : Successfully listed 0 rdf group from array 000197900507
2020-01-27 19:29:04,363 dellemc_powermax_gatherfacts.py INFO : universion_details: {'is_valid_universion': True, 'user_message': ''}
2020-01-27 19:29:04,363 univmax_conn.py WARNING : No array id specified. Please set array ID using the "set_array_id(array_id)" function.
2020-01-27 19:29:04,364 dellemc_powermax_gatherfacts.py INFO : Got PyU4V Unisphere instance for common lib method access on VMAX
2020-01-27 19:29:04,364 dellemc_powermax_gatherfacts.py INFO : Getting Array List 
2020-01-27 19:29:04,416 dellemc_powermax_gatherfacts.py INFO : Got 1 Arrays from Unisphere Host  {'type': 'str', 'required': True}
2020-01-27 19:29:05,137 dellemc_powermax_gatherfacts.py INFO : universion_details: {'is_valid_universion': True, 'user_message': ''}
2020-01-27 19:29:05,138 dellemc_powermax_gatherfacts.py INFO : Got PyU4V instance for provisioning on to PowerMax 
2020-01-27 19:29:05,138 dellemc_powermax_gatherfacts.py INFO : Got PyU4V instance for replication on to PowerMax 
2020-01-27 19:29:05,138 dellemc_powermax_gatherfacts.py INFO : Getting Volume List 
2020-01-27 19:29:05,201 dellemc_powermax_gatherfacts.py INFO : Successfully listed 293 volumes from array 000197900507
2020-01-27 19:29:05,201 dellemc_powermax_gatherfacts.py INFO : Getting Storage Group List 
2020-01-27 19:29:05,221 dellemc_powermax_gatherfacts.py INFO : Successfully listed 18 Storage Group from array 000197900507
2020-01-27 19:29:05,221 dellemc_powermax_gatherfacts.py INFO : Getting Storage Resource Pool List
2020-01-27 19:29:05,233 dellemc_powermax_gatherfacts.py INFO : Got 1 Storage Resource Pool from array 000197900507
2020-01-27 19:29:05,265 dellemc_powermax_gatherfacts.py INFO : Successfully listed 1 Storage Resource Pool details from array 000197900507
2020-01-27 19:29:05,265 dellemc_powermax_gatherfacts.py INFO : Getting Port Group List 
2020-01-27 19:29:05,281 dellemc_powermax_gatherfacts.py INFO : Got 2 PortGroup from array 000197900507
2020-01-27 19:29:05,281 dellemc_powermax_gatherfacts.py INFO : Getting Host List 
2020-01-27 19:29:05,297 dellemc_powermax_gatherfacts.py INFO : Got 34 Host from array 000197900507
2020-01-27 19:29:05,297 dellemc_powermax_gatherfacts.py INFO : Getting Host Group List 
2020-01-27 19:29:05,313 dellemc_powermax_gatherfacts.py INFO : Got 0 Host Group from array 000197900507
2020-01-27 19:29:05,313 dellemc_powermax_gatherfacts.py INFO : Getting Port List 
2020-01-27 19:29:05,330 dellemc_powermax_gatherfacts.py INFO : Got 36 Port from array 000197900507
2020-01-27 19:29:05,330 dellemc_powermax_gatherfacts.py INFO : Getting Masking View List
2020-01-27 19:29:05,348 dellemc_powermax_gatherfacts.py INFO : Got 18 Getting Masking View from array 000197900507
2020-01-27 19:29:05,349 dellemc_powermax_gatherfacts.py INFO : Getting rdf group List 
2020-01-27 19:29:05,362 dellemc_powermax_gatherfacts.py INFO : Successfully listed 0 rdf group from array 000197900507
2020-01-27 19:31:05,964 dellemc_powermax_gatherfacts.py INFO : universion_details: {'is_valid_universion': True, 'user_message': ''}
2020-01-27 19:31:05,964 univmax_conn.py WARNING : No array id specified. Please set array ID using the "set_array_id(array_id)" function.
2020-01-27 19:31:05,965 dellemc_powermax_gatherfacts.py INFO : Got PyU4V Unisphere instance for common lib method access on VMAX
2020-01-27 19:31:05,965 dellemc_powermax_gatherfacts.py INFO : Getting Array List 
2020-01-27 19:31:06,011 dellemc_powermax_gatherfacts.py INFO : Got 1 Arrays from Unisphere Host  {'type': 'str', 'required': True}
2020-01-27 19:31:06,914 dellemc_powermax_gatherfacts.py INFO : universion_details: {'is_valid_universion': True, 'user_message': ''}
2020-01-27 19:31:06,914 dellemc_powermax_gatherfacts.py INFO : Got PyU4V instance for provisioning on to PowerMax 
2020-01-27 19:31:06,938 dellemc_powermax_gatherfacts.py INFO : Got PyU4V instance for replication on to PowerMax 
2020-01-27 19:31:06,939 dellemc_powermax_gatherfacts.py INFO : Getting Volume List 
2020-01-27 19:31:06,997 dellemc_powermax_gatherfacts.py INFO : Successfully listed 293 volumes from array 000197900507
2020-01-27 19:31:06,997 dellemc_powermax_gatherfacts.py INFO : Getting Storage Group List 
2020-01-27 19:31:07,012 dellemc_powermax_gatherfacts.py INFO : Successfully listed 18 Storage Group from array 000197900507
2020-01-27 19:31:07,012 dellemc_powermax_gatherfacts.py INFO : Getting Storage Resource Pool List
2020-01-27 19:31:07,023 dellemc_powermax_gatherfacts.py INFO : Got 1 Storage Resource Pool from array 000197900507
2020-01-27 19:31:07,067 dellemc_powermax_gatherfacts.py INFO : Successfully listed 1 Storage Resource Pool details from array 000197900507
2020-01-27 19:31:07,067 dellemc_powermax_gatherfacts.py INFO : Getting Port Group List 
2020-01-27 19:31:07,094 dellemc_powermax_gatherfacts.py INFO : Got 2 PortGroup from array 000197900507
2020-01-27 19:31:07,094 dellemc_powermax_gatherfacts.py INFO : Getting Host List 
2020-01-27 19:31:07,108 dellemc_powermax_gatherfacts.py INFO : Got 34 Host from array 000197900507
2020-01-27 19:31:07,108 dellemc_powermax_gatherfacts.py INFO : Getting Host Group List 
2020-01-27 19:31:07,118 dellemc_powermax_gatherfacts.py INFO : Got 0 Host Group from array 000197900507
2020-01-27 19:31:07,119 dellemc_powermax_gatherfacts.py INFO : Getting Port List 
2020-01-27 19:31:07,134 dellemc_powermax_gatherfacts.py INFO : Got 36 Port from array 000197900507
2020-01-27 19:31:07,134 dellemc_powermax_gatherfacts.py INFO : Getting Masking View List
2020-01-27 19:31:07,149 dellemc_powermax_gatherfacts.py INFO : Got 18 Getting Masking View from array 000197900507
2020-01-27 19:31:07,149 dellemc_powermax_gatherfacts.py INFO : Getting rdf group List 
2020-01-27 19:31:07,165 dellemc_powermax_gatherfacts.py INFO : Successfully listed 0 rdf group from array 000197900507
2020-01-28 10:11:43,243 dellemc_powermax_gatherfacts.py INFO : universion_details: {'is_valid_universion': True, 'user_message': ''}
2020-01-28 10:11:43,243 univmax_conn.py WARNING : No array id specified. Please set array ID using the "set_array_id(array_id)" function.
2020-01-28 10:11:43,243 dellemc_powermax_gatherfacts.py INFO : Got PyU4V Unisphere instance for common lib method access on VMAX
2020-01-28 10:11:43,244 dellemc_powermax_gatherfacts.py INFO : Getting Array List 
2020-01-28 10:11:43,320 dellemc_powermax_gatherfacts.py INFO : Got 1 Arrays from Unisphere Host  {'type': 'str', 'required': True}
2020-01-28 10:11:44,206 dellemc_powermax_gatherfacts.py INFO : universion_details: {'is_valid_universion': True, 'user_message': ''}
2020-01-28 10:11:44,207 dellemc_powermax_gatherfacts.py INFO : Got PyU4V instance for provisioning on to PowerMax 
2020-01-28 10:11:44,207 dellemc_powermax_gatherfacts.py INFO : Got PyU4V instance for replication on to PowerMax 
2020-01-28 10:11:44,207 dellemc_powermax_gatherfacts.py INFO : Getting Volume List 
2020-01-28 10:11:44,269 dellemc_powermax_gatherfacts.py INFO : Successfully listed 192 TDEV volumes from array 000197900507
2020-01-28 10:11:44,269 dellemc_powermax_gatherfacts.py INFO : Getting Storage Group List 
2020-01-28 10:11:44,287 dellemc_powermax_gatherfacts.py INFO : Successfully listed 18 Storage Group from array 000197900507
2020-01-28 10:11:44,287 dellemc_powermax_gatherfacts.py INFO : Getting Storage Resource Pool List
2020-01-28 10:11:44,301 dellemc_powermax_gatherfacts.py INFO : Got 1 Storage Resource Pool from array 000197900507
2020-01-28 10:11:44,332 dellemc_powermax_gatherfacts.py INFO : Successfully listed 1 Storage Resource Pool details from array 000197900507
2020-01-28 10:11:44,332 dellemc_powermax_gatherfacts.py INFO : Getting Port Group List 
2020-01-28 10:11:44,349 dellemc_powermax_gatherfacts.py INFO : Got 2 PortGroup from array 000197900507
2020-01-28 10:11:44,349 dellemc_powermax_gatherfacts.py INFO : Getting Host List 
2020-01-28 10:11:44,363 dellemc_powermax_gatherfacts.py INFO : Got 34 Host from array 000197900507
2020-01-28 10:11:44,363 dellemc_powermax_gatherfacts.py INFO : Getting Host Group List 
2020-01-28 10:11:44,376 dellemc_powermax_gatherfacts.py INFO : Got 0 Host Group from array 000197900507
2020-01-28 10:11:44,376 dellemc_powermax_gatherfacts.py INFO : Getting Port List 
2020-01-28 10:11:44,396 dellemc_powermax_gatherfacts.py INFO : Got 36 Port from array 000197900507
2020-01-28 10:11:44,396 dellemc_powermax_gatherfacts.py INFO : Getting Masking View List
2020-01-28 10:11:44,410 dellemc_powermax_gatherfacts.py INFO : Got 18 Getting Masking View from array 000197900507
2020-01-28 10:11:44,410 dellemc_powermax_gatherfacts.py INFO : Getting rdf group List 
2020-01-28 10:11:44,422 dellemc_powermax_gatherfacts.py INFO : Successfully listed 0 rdf group from array 000197900507
2020-01-28 10:13:48,636 dellemc_powermax_gatherfacts.py INFO : universion_details: {'is_valid_universion': True, 'user_message': ''}
2020-01-28 10:13:48,636 univmax_conn.py WARNING : No array id specified. Please set array ID using the "set_array_id(array_id)" function.
2020-01-28 10:13:48,637 dellemc_powermax_gatherfacts.py INFO : Got PyU4V Unisphere instance for common lib method access on VMAX
2020-01-28 10:13:48,637 dellemc_powermax_gatherfacts.py INFO : Getting Array List 
2020-01-28 10:13:48,689 dellemc_powermax_gatherfacts.py INFO : Got 1 Arrays from Unisphere Host  {'type': 'str', 'required': True}
2020-01-28 10:13:49,528 dellemc_powermax_gatherfacts.py INFO : universion_details: {'is_valid_universion': True, 'user_message': ''}
2020-01-28 10:13:49,529 dellemc_powermax_gatherfacts.py INFO : Got PyU4V instance for provisioning on to PowerMax 
2020-01-28 10:13:49,529 dellemc_powermax_gatherfacts.py INFO : Got PyU4V instance for replication on to PowerMax 
2020-01-28 10:13:49,529 dellemc_powermax_gatherfacts.py INFO : Getting Volume List 
2020-01-28 10:13:49,587 dellemc_powermax_gatherfacts.py INFO : Successfully listed 192 TDEV volumes from array 000197900507
2020-01-28 10:13:49,588 dellemc_powermax_gatherfacts.py INFO : Getting Storage Group List 
2020-01-28 10:13:49,603 dellemc_powermax_gatherfacts.py INFO : Successfully listed 18 Storage Group from array 000197900507
2020-01-28 10:13:49,603 dellemc_powermax_gatherfacts.py INFO : Getting Storage Resource Pool List
2020-01-28 10:13:49,616 dellemc_powermax_gatherfacts.py INFO : Got 1 Storage Resource Pool from array 000197900507
2020-01-28 10:13:49,644 dellemc_powermax_gatherfacts.py INFO : Successfully listed 1 Storage Resource Pool details from array 000197900507
2020-01-28 10:13:49,644 dellemc_powermax_gatherfacts.py INFO : Getting Port Group List 
2020-01-28 10:13:49,662 dellemc_powermax_gatherfacts.py INFO : Got 2 PortGroup from array 000197900507
2020-01-28 10:13:49,662 dellemc_powermax_gatherfacts.py INFO : Getting Host List 
2020-01-28 10:13:49,675 dellemc_powermax_gatherfacts.py INFO : Got 34 Host from array 000197900507
2020-01-28 10:13:49,675 dellemc_powermax_gatherfacts.py INFO : Getting Host Group List 
2020-01-28 10:13:49,690 dellemc_powermax_gatherfacts.py INFO : Got 0 Host Group from array 000197900507
2020-01-28 10:13:49,690 dellemc_powermax_gatherfacts.py INFO : Getting Port List 
2020-01-28 10:13:49,708 dellemc_powermax_gatherfacts.py INFO : Got 36 Port from array 000197900507
2020-01-28 10:13:49,708 dellemc_powermax_gatherfacts.py INFO : Getting Masking View List
2020-01-28 10:13:49,724 dellemc_powermax_gatherfacts.py INFO : Got 18 Getting Masking View from array 000197900507
2020-01-28 10:13:49,724 dellemc_powermax_gatherfacts.py INFO : Getting rdf group List 
2020-01-28 10:13:49,737 dellemc_powermax_gatherfacts.py INFO : Successfully listed 0 rdf group from array 000197900507
2020-01-28 10:16:40,837 dellemc_powermax_gatherfacts.py INFO : universion_details: {'is_valid_universion': True, 'user_message': ''}
2020-01-28 10:16:40,837 univmax_conn.py WARNING : No array id specified. Please set array ID using the "set_array_id(array_id)" function.
2020-01-28 10:16:40,838 dellemc_powermax_gatherfacts.py INFO : Got PyU4V Unisphere instance for common lib method access on VMAX
2020-01-28 10:16:40,838 dellemc_powermax_gatherfacts.py INFO : Getting Array List 
2020-01-28 10:16:40,911 dellemc_powermax_gatherfacts.py INFO : Got 1 Arrays from Unisphere Host  {'type': 'str', 'required': True}
2020-01-28 10:16:41,751 dellemc_powermax_gatherfacts.py INFO : universion_details: {'is_valid_universion': True, 'user_message': ''}
2020-01-28 10:16:41,752 dellemc_powermax_gatherfacts.py INFO : Got PyU4V instance for provisioning on to PowerMax 
2020-01-28 10:16:41,752 dellemc_powermax_gatherfacts.py INFO : Got PyU4V instance for replication on to PowerMax 
2020-01-28 10:16:41,752 dellemc_powermax_gatherfacts.py INFO : Getting Volume List 
2020-01-28 10:16:41,809 dellemc_powermax_gatherfacts.py INFO : Successfully listed 192 TDEV volumes from array 000197900507
2020-01-28 10:16:41,809 dellemc_powermax_gatherfacts.py INFO : Getting Storage Group List 
2020-01-28 10:16:41,827 dellemc_powermax_gatherfacts.py INFO : Successfully listed 18 Storage Group from array 000197900507
2020-01-28 10:16:41,827 dellemc_powermax_gatherfacts.py INFO : Getting Storage Resource Pool List
2020-01-28 10:16:41,840 dellemc_powermax_gatherfacts.py INFO : Got 1 Storage Resource Pool from array 000197900507
2020-01-28 10:16:41,869 dellemc_powermax_gatherfacts.py INFO : Successfully listed 1 Storage Resource Pool details from array 000197900507
2020-01-28 10:16:41,870 dellemc_powermax_gatherfacts.py INFO : Getting Port Group List 
2020-01-28 10:16:41,887 dellemc_powermax_gatherfacts.py INFO : Got 2 PortGroup from array 000197900507
2020-01-28 10:16:41,888 dellemc_powermax_gatherfacts.py INFO : Getting Host List 
2020-01-28 10:16:41,901 dellemc_powermax_gatherfacts.py INFO : Got 34 Host from array 000197900507
2020-01-28 10:16:41,901 dellemc_powermax_gatherfacts.py INFO : Getting Host Group List 
2020-01-28 10:16:41,914 dellemc_powermax_gatherfacts.py INFO : Got 0 Host Group from array 000197900507
2020-01-28 10:16:41,914 dellemc_powermax_gatherfacts.py INFO : Getting Port List 
2020-01-28 10:16:41,936 dellemc_powermax_gatherfacts.py INFO : Got 36 Port from array 000197900507
2020-01-28 10:16:41,937 dellemc_powermax_gatherfacts.py INFO : Getting Masking View List
2020-01-28 10:16:41,954 dellemc_powermax_gatherfacts.py INFO : Got 18 Getting Masking View from array 000197900507
2020-01-28 10:16:41,954 dellemc_powermax_gatherfacts.py INFO : Getting rdf group List 
2020-01-28 10:16:41,973 dellemc_powermax_gatherfacts.py INFO : Successfully listed 0 rdf group from array 000197900507
2020-01-28 10:17:43,814 dellemc_powermax_gatherfacts.py INFO : universion_details: {'is_valid_universion': True, 'user_message': ''}
2020-01-28 10:17:43,815 univmax_conn.py WARNING : No array id specified. Please set array ID using the "set_array_id(array_id)" function.
2020-01-28 10:17:43,815 dellemc_powermax_gatherfacts.py INFO : Got PyU4V Unisphere instance for common lib method access on VMAX
2020-01-28 10:17:43,815 dellemc_powermax_gatherfacts.py INFO : Getting Array List 
2020-01-28 10:17:43,865 dellemc_powermax_gatherfacts.py INFO : Got 1 Arrays from Unisphere Host  {'type': 'str', 'required': True}
2020-01-28 10:17:44,702 dellemc_powermax_gatherfacts.py INFO : universion_details: {'is_valid_universion': True, 'user_message': ''}
2020-01-28 10:17:44,703 dellemc_powermax_gatherfacts.py INFO : Got PyU4V instance for provisioning on to PowerMax 
2020-01-28 10:17:44,703 dellemc_powermax_gatherfacts.py INFO : Got PyU4V instance for replication on to PowerMax 
2020-01-28 10:17:44,703 dellemc_powermax_gatherfacts.py INFO : Getting Volume List 
2020-01-28 10:17:44,768 dellemc_powermax_gatherfacts.py INFO : Successfully listed 192 TDEV volumes from array 000197900507
2020-01-28 10:17:44,768 dellemc_powermax_gatherfacts.py INFO : Getting Storage Group List 
2020-01-28 10:17:44,784 dellemc_powermax_gatherfacts.py INFO : Successfully listed 18 Storage Group from array 000197900507
2020-01-28 10:17:44,784 dellemc_powermax_gatherfacts.py INFO : Getting Storage Resource Pool List
2020-01-28 10:17:44,795 dellemc_powermax_gatherfacts.py INFO : Got 1 Storage Resource Pool from array 000197900507
2020-01-28 10:17:44,824 dellemc_powermax_gatherfacts.py INFO : Successfully listed 1 Storage Resource Pool details from array 000197900507
2020-01-28 10:17:44,824 dellemc_powermax_gatherfacts.py INFO : Getting Port Group List 
2020-01-28 10:17:44,838 dellemc_powermax_gatherfacts.py INFO : Got 2 PortGroup from array 000197900507
2020-01-28 10:17:44,838 dellemc_powermax_gatherfacts.py INFO : Getting Host List 
2020-01-28 10:17:44,850 dellemc_powermax_gatherfacts.py INFO : Got 34 Host from array 000197900507
2020-01-28 10:17:44,850 dellemc_powermax_gatherfacts.py INFO : Getting Host Group List 
2020-01-28 10:17:44,862 dellemc_powermax_gatherfacts.py INFO : Got 0 Host Group from array 000197900507
2020-01-28 10:17:44,862 dellemc_powermax_gatherfacts.py INFO : Getting Port List 
2020-01-28 10:17:44,879 dellemc_powermax_gatherfacts.py INFO : Got 36 Port from array 000197900507
2020-01-28 10:17:44,879 dellemc_powermax_gatherfacts.py INFO : Getting Masking View List
2020-01-28 10:17:44,895 dellemc_powermax_gatherfacts.py INFO : Got 18 Getting Masking View from array 000197900507
2020-01-28 10:17:44,895 dellemc_powermax_gatherfacts.py INFO : Getting rdf group List 
2020-01-28 10:17:44,908 dellemc_powermax_gatherfacts.py INFO : Successfully listed 0 rdf group from array 000197900507
